<?xml version="1.0" encoding="UTF-8"?>
<!-- Generated by org.testng.reporters.JUnitReportReporter -->
<testsuite hostname="HP" failures="0" tests="10" name="api.test.DDTests" time="14.798" errors="0" timestamp="2024-08-18T15:59:16 IST" skipped="0">
  <testcase classname="api.test.DDTests" name="testPostUser" time="1.532"/>
  <testcase classname="api.test.DDTests" name="testPostUser" time="1.514"/>
  <testcase classname="api.test.DDTests" name="testPostUser" time="1.453"/>
  <testcase classname="api.test.DDTests" name="testPostUser" time="1.432"/>
  <testcase classname="api.test.DDTests" name="testPostUser" time="1.335"/>
  <testcase classname="api.test.DDTests" name="testDeleteUserByName" time="1.535"/>
  <testcase classname="api.test.DDTests" name="testDeleteUserByName" time="1.536"/>
  <testcase classname="api.test.DDTests" name="testDeleteUserByName" time="1.535"/>
  <testcase classname="api.test.DDTests" name="testDeleteUserByName" time="1.393"/>
  <testcase classname="api.test.DDTests" name="testDeleteUserByName" time="1.533"/>
</testsuite> <!-- api.test.DDTests -->
