<?xml version="1.0" encoding="UTF-8"?>
<!-- Generated by org.testng.reporters.JUnitReportReporter -->
<testsuite hostname="HP" failures="0" tests="4" name="api.test.UserTest" time="8.827" errors="0" timestamp="2024-08-18T12:24:34 IST" skipped="0">
  <testcase classname="api.test.UserTest" name="testCreateUser" time="3.026"/>
  <testcase classname="api.test.UserTest" name="testGetUser" time="1.520"/>
  <testcase classname="api.test.UserTest" name="testUpdateUser" time="2.861"/>
  <testcase classname="api.test.UserTest" name="testDeleteUser" time="1.420"/>
</testsuite> <!-- api.test.UserTest -->
