<?xml version="1.0" encoding="UTF-8"?>
<!-- Generated by org.testng.reporters.JUnitReportReporter -->
<testsuite hostname="HP" failures="0" tests="10" name="api.test.DDTests" time="14.434" errors="0" timestamp="2024-08-18T12:24:34 IST" skipped="0">
  <testcase classname="api.test.DDTests" name="testPostUser" time="1.430"/>
  <testcase classname="api.test.DDTests" name="testPostUser" time="1.440"/>
  <testcase classname="api.test.DDTests" name="testPostUser" time="1.330"/>
  <testcase classname="api.test.DDTests" name="testPostUser" time="1.529"/>
  <testcase classname="api.test.DDTests" name="testPostUser" time="1.532"/>
  <testcase classname="api.test.DDTests" name="testDeleteUserByName" time="1.429"/>
  <testcase classname="api.test.DDTests" name="testDeleteUserByName" time="1.452"/>
  <testcase classname="api.test.DDTests" name="testDeleteUserByName" time="1.528"/>
  <testcase classname="api.test.DDTests" name="testDeleteUserByName" time="1.228"/>
  <testcase classname="api.test.DDTests" name="testDeleteUserByName" time="1.536"/>
</testsuite> <!-- api.test.DDTests -->
