<?xml version="1.0" encoding="UTF-8"?>
<!-- Generated by org.testng.reporters.JUnitReportReporter -->
<testsuite hostname="HP" failures="0" tests="4" name="api.test.UserTest" time="8.680" errors="0" timestamp="2024-08-18T15:59:16 IST" skipped="0">
  <testcase classname="api.test.UserTest" name="testCreateUser" time="3.172"/>
  <testcase classname="api.test.UserTest" name="testGetUser" time="1.319"/>
  <testcase classname="api.test.UserTest" name="testUpdateUser" time="2.881"/>
  <testcase classname="api.test.UserTest" name="testDeleteUser" time="1.308"/>
</testsuite> <!-- api.test.UserTest -->
